<?xml version="1.0" encoding="UTF-8"?>
<testsuite xmlns:xsi="http://www.w3.org/2001/XMLSchema-instance" xsi:noNamespaceSchemaLocation="https://maven.apache.org/surefire/maven-surefire-plugin/xsd/surefire-test-report-3.0.xsd" version="3.0" name="com.example.userauthorization.UserAuthorizationApplicationTests" time="13.476" tests="1" errors="0" skipped="0" failures="0">
  <properties>
[...]
</properties>
  <testcase name="contextLoads" classname="com.example.userauthorization.UserAuthorizationApplicationTests" time="0.86">
    <system-out><![CDATA[18:57:42.829 [main] INFO org.springframework.test.context.support.AnnotationConfigContextLoaderUtils -- Could not detect default configuration classes for test class [com.example.userauthorization.UserAuthorizationApplicationTests]: UserAuthorizationApplicationTests does not declare any static, non-private, non-final, nested classes annotated with @Configuration.
18:57:42.999 [main] INFO org.springframework.boot.test.context.SpringBootTestContextBootstrapper -- Found @SpringBootConfiguration com.example.userauthorization.UserAuthorizationApplication for test class com.example.userauthorization.UserAuthorizationApplicationTests
18:57:43.313 [main] INFO org.springframework.boot.devtools.restart.RestartApplicationListener -- Restart disabled due to context in which it is running

  .   ____          _            __ _ _
 /\\ / ___'_ __ _ _(_)_ __  __ _ \ \ \ \
( ( )\___ | '_ | '_| | '_ \/ _` | \ \ \ \
 \\/  ___)| |_)| | | | | || (_| |  ) ) ) )
  '  |____| .__|_| |_|_| |_\__, | / / / /
 =========|_|==============|___/=/_/_/_/

 :: Spring Boot ::                (v3.3.1)

2024-07-06T18:57:43.801+05:30  INFO 15488 --- [userAuthorization] [           main] c.e.u.UserAuthorizationApplicationTests  : Starting UserAuthorizationApplicationTests using Java 20.0.1 with PID 15488 (started by vicky in C:\Users\vicky\IdeaProjects\userAuthorization)
2024-07-06T18:57:43.801+05:30  INFO 15488 --- [userAuthorization] [           main] c.e.u.UserAuthorizationApplicationTests  : No active profile set, falling back to 1 default profile: "default"
2024-07-06T18:57:45.449+05:30  INFO 15488 --- [userAuthorization] [           main] .s.d.r.c.RepositoryConfigurationDelegate : Bootstrapping Spring Data JPA repositories in DEFAULT mode.
2024-07-06T18:57:45.579+05:30  INFO 15488 --- [userAuthorization] [           main] .s.d.r.c.RepositoryConfigurationDelegate : Finished Spring Data repository scanning in 111 ms. Found 2 JPA repository interfaces.
2024-07-06T18:57:47.029+05:30  INFO 15488 --- [userAuthorization] [           main] o.hibernate.jpa.internal.util.LogHelper  : HHH000204: Processing PersistenceUnitInfo [name: default]
2024-07-06T18:57:47.189+05:30  INFO 15488 --- [userAuthorization] [           main] org.hibernate.Version                    : HHH000412: Hibernate ORM core version 6.5.2.Final
2024-07-06T18:57:47.325+05:30  INFO 15488 --- [userAuthorization] [           main] o.h.c.internal.RegionFactoryInitiator    : HHH000026: Second-level cache disabled
2024-07-06T18:57:48.592+05:30  INFO 15488 --- [userAuthorization] [           main] o.s.o.j.p.SpringPersistenceUnitInfo      : No LoadTimeWeaver setup: ignoring JPA class transformer
2024-07-06T18:57:48.666+05:30  INFO 15488 --- [userAuthorization] [           main] com.zaxxer.hikari.HikariDataSource       : HikariPool-1 - Starting...
2024-07-06T18:57:49.552+05:30  INFO 15488 --- [userAuthorization] [           main] com.zaxxer.hikari.pool.HikariPool        : HikariPool-1 - Added connection com.mysql.cj.jdbc.ConnectionImpl@538e74fc
2024-07-06T18:57:49.560+05:30  INFO 15488 --- [userAuthorization] [           main] com.zaxxer.hikari.HikariDataSource       : HikariPool-1 - Start completed.
2024-07-06T18:57:52.009+05:30  INFO 15488 --- [userAuthorization] [           main] o.h.e.t.j.p.i.JtaPlatformInitiator       : HHH000489: No JTA platform available (set 'hibernate.transaction.jta.platform' to enable JTA platform integration)
2024-07-06T18:57:52.279+05:30  INFO 15488 --- [userAuthorization] [           main] j.LocalContainerEntityManagerFactoryBean : Initialized JPA EntityManagerFactory for persistence unit 'default'
2024-07-06T18:57:52.949+05:30  WARN 15488 --- [userAuthorization] [           main] JpaBaseConfiguration$JpaWebConfiguration : spring.jpa.open-in-view is enabled by default. Therefore, database queries may be performed during view rendering. Explicitly configure spring.jpa.open-in-view to disable this warning
2024-07-06T18:57:52.979+05:30 TRACE 15488 --- [userAuthorization] [           main] eGlobalAuthenticationAutowiredConfigurer : Eagerly initializing {securityConfig=com.example.userauthorization.config.SecurityConfig$$SpringCGLIB$$0@62d21afd}
2024-07-06T18:57:52.979+05:30 DEBUG 15488 --- [userAuthorization] [           main] swordEncoderAuthenticationManagerBuilder : No authenticationProviders and no parentAuthenticationManager defined. Returning null.
2024-07-06T18:57:54.509+05:30 DEBUG 15488 --- [userAuthorization] [           main] o.s.s.web.DefaultSecurityFilterChain     : Will secure org.springframework.security.oauth2.server.authorization.config.annotation.web.configurers.OAuth2AuthorizationServerConfigurer$$Lambda$1662/0x00000008019910e0@157e0f6b with filters: DisableEncodeUrlFilter, WebAsyncManagerIntegrationFilter, SecurityContextHolderFilter, AuthorizationServerContextFilter, HeaderWriterFilter, CorsFilter, CsrfFilter, OidcLogoutEndpointFilter, LogoutFilter, OAuth2AuthorizationServerMetadataEndpointFilter, OAuth2AuthorizationEndpointFilter, OAuth2DeviceVerificationEndpointFilter, OidcProviderConfigurationEndpointFilter, NimbusJwkSetEndpointFilter, OAuth2ClientAuthenticationFilter, BearerTokenAuthenticationFilter, RequestCacheAwareFilter, SecurityContextHolderAwareRequestFilter, AnonymousAuthenticationFilter, ExceptionTranslationFilter, AuthorizationFilter, OAuth2TokenEndpointFilter, OAuth2TokenIntrospectionEndpointFilter, OAuth2TokenRevocationEndpointFilter, OAuth2DeviceAuthorizationEndpointFilter, OidcUserInfoEndpointFilter
2024-07-06T18:57:54.532+05:30 DEBUG 15488 --- [userAuthorization] [           main] o.s.s.web.DefaultSecurityFilterChain     : Will secure any request with filters: DisableEncodeUrlFilter, WebAsyncManagerIntegrationFilter, SecurityContextHolderFilter, HeaderWriterFilter, CorsFilter, CsrfFilter, LogoutFilter, UsernamePasswordAuthenticationFilter, DefaultLoginPageGeneratingFilter, DefaultLogoutPageGeneratingFilter, RequestCacheAwareFilter, SecurityContextHolderAwareRequestFilter, AnonymousAuthenticationFilter, ExceptionTranslationFilter, AuthorizationFilter
2024-07-06T18:57:54.539+05:30 DEBUG 15488 --- [userAuthorization] [           main] o.s.s.web.DefaultSecurityFilterChain     : Will secure any request with filters: DisableEncodeUrlFilter, WebAsyncManagerIntegrationFilter, SecurityContextHolderFilter, HeaderWriterFilter, LogoutFilter, RequestCacheAwareFilter, SecurityContextHolderAwareRequestFilter, AnonymousAuthenticationFilter, ExceptionTranslationFilter, AuthorizationFilter
2024-07-06T18:57:55.063+05:30  INFO 15488 --- [userAuthorization] [           main] c.e.u.UserAuthorizationApplicationTests  : Started UserAuthorizationApplicationTests in 11.766 seconds (process running for 13.801)
]]></system-out>
  </testcase>
</testsuite>